\BOOKMARK [0][-]{chapter*.3}{\376\377\000L\000i\000s\000t\000e\000\040\000d\000e\000s\000\040\000A\000c\000r\000o\000n\000y\000m\000e\000s}{}% 1
\BOOKMARK [0][-]{chapter*.4}{\376\377\000I\000n\000t\000r\000o\000d\000u\000c\000t\000i\000o\000n\000\040\000G\000\351\000n\000\351\000r\000a\000l\000e}{}% 2
\BOOKMARK [0][-]{chapter.1}{\376\377\000C\000a\000d\000r\000e\000\040\000G\000\351\000n\000\351\000r\000a\000l\000\040\000d\000u\000\040\000P\000r\000o\000j\000e\000t}{}% 3
\BOOKMARK [1][-]{section*.5}{\376\377\000I\000n\000t\000r\000o\000d\000u\000c\000t\000i\000o\000n}{chapter.1}% 4
\BOOKMARK [1][-]{section.1.1}{\376\377\000P\000r\000\351\000s\000e\000n\000t\000a\000t\000i\000o\000n\000\040\000d\000e\000\040\000l\000'\000o\000r\000g\000a\000n\000i\000s\000m\000e\000\040\000d\000'\000a\000c\000c\000u\000e\000i\000l}{chapter.1}% 5
\BOOKMARK [2][-]{subsection.1.1.1}{\376\377\000P\000r\000o\000f\000i\000l\000\040\000d\000e\000\040\000l\000'\000e\000n\000t\000r\000e\000p\000r\000i\000s\000e\000\040\000e\000t\000\040\000v\000i\000s\000i\000o\000n\000\040\000s\000t\000r\000a\000t\000\351\000g\000i\000q\000u\000e}{section.1.1}% 6
\BOOKMARK [2][-]{subsection.1.1.2}{\376\377\000P\000i\000l\000i\000e\000r\000s\000\040\000t\000e\000c\000h\000n\000o\000l\000o\000g\000i\000q\000u\000e\000s\000\040\000c\000e\000n\000t\000r\000a\000u\000x}{section.1.1}% 7
\BOOKMARK [2][-]{subsection.1.1.3}{\376\377\000D\000y\000n\000a\000m\000i\000q\000u\000e\000\040\000O\000r\000g\000a\000n\000i\000s\000a\000t\000i\000o\000n\000n\000e\000l\000l\000e\000\040\000e\000t\000\040\000R\000\046\000D}{section.1.1}% 8
\BOOKMARK [1][-]{section.1.2}{\376\377\000C\000o\000n\000t\000e\000x\000t\000e\000\040\000g\000\351\000n\000\351\000r\000a\000l\000\040\000d\000u\000\040\000p\000r\000o\000j\000e\000t}{chapter.1}% 9
\BOOKMARK [2][-]{subsection.1.2.1}{\376\377\000A\000g\000r\000i\000c\000u\000l\000t\000u\000r\000e\000\040\000i\000n\000t\000e\000l\000l\000i\000g\000e\000n\000t\000e\000\040\000e\000t\000\040\000A\000g\000r\000i\000c\000u\000l\000t\000u\000r\000e\000\040\0004\000.\0000}{section.1.2}% 10
\BOOKMARK [2][-]{subsection.1.2.2}{\376\377\000H\000y\000d\000r\000o\000p\000o\000n\000i\000e\000\040\000e\000t\000\040\000p\000r\000o\000d\000u\000c\000t\000i\000o\000n\000\040\000d\000e\000\040\000f\000o\000u\000r\000r\000a\000g\000e}{section.1.2}% 11
\BOOKMARK [1][-]{section.1.3}{\376\377\000P\000r\000\351\000s\000e\000n\000t\000a\000t\000i\000o\000n\000\040\000d\000u\000\040\000p\000r\000o\000b\000l\000\350\000m\000e}{chapter.1}% 12
\BOOKMARK [2][-]{subsection.1.3.1}{\376\377\000D\000\351\000f\000i\000s\000\040\000a\000g\000r\000i\000c\000o\000l\000e\000s}{section.1.3}% 13
\BOOKMARK [2][-]{subsection.1.3.2}{\376\377\000D\000\351\000f\000i\000s\000\040\000t\000e\000c\000h\000n\000o\000l\000o\000g\000i\000q\000u\000e\000s}{section.1.3}% 14
\BOOKMARK [1][-]{section.1.4}{\376\377\000\311\000t\000u\000d\000e\000\040\000d\000e\000\040\000l\040\031\000e\000x\000i\000s\000t\000a\000n\000t}{chapter.1}% 15
\BOOKMARK [2][-]{subsection.1.4.1}{\376\377\000S\000o\000l\000u\000t\000i\000o\000n\000s\000\040\000e\000x\000i\000s\000t\000a\000n\000t\000e\000s}{section.1.4}% 16
\BOOKMARK [2][-]{subsection.1.4.2}{\376\377\000L\000i\000m\000i\000t\000e\000s\000\040\000d\000e\000s\000\040\000s\000o\000l\000u\000t\000i\000o\000n\000s\000\040\000e\000x\000i\000s\000t\000a\000n\000t\000e\000s}{section.1.4}% 17
\BOOKMARK [1][-]{section.1.5}{\376\377\000\040\000S\000o\000l\000u\000t\000i\000o\000n\000\040\000P\000r\000o\000p\000o\000s\000\351\000e}{chapter.1}% 18
\BOOKMARK [1][-]{section.1.6}{\376\377\000M\000\351\000t\000h\000o\000d\000o\000l\000o\000g\000i\000e\000\040\000d\000e\000\040\000g\000e\000s\000t\000i\000o\000n\000\040\000d\000e\000\040\000p\000r\000o\000j\000e\000t}{chapter.1}% 19
\BOOKMARK [2][-]{subsection.1.6.1}{\376\377\000P\000r\000\351\000s\000e\000n\000t\000a\000t\000i\000o\000n\000\040\000s\000y\000n\000t\000h\000\351\000t\000i\000q\000u\000e\000\040\000d\000e\000s\000\040\000m\000\351\000t\000h\000o\000d\000e\000s\000\040\000r\000e\000t\000e\000n\000u\000e\000s}{section.1.6}% 20
\BOOKMARK [2][-]{subsection.1.6.2}{\376\377\000H\000y\000b\000r\000i\000d\000a\000t\000i\000o\000n\000\040\000a\000u\000\040\000s\000e\000i\000n\000\040\000d\000u\000\040\000m\000o\000d\000\350\000l\000e\000\040\000e\000n\000\040\000V}{section.1.6}% 21
\BOOKMARK [1][-]{table.caption.10}{\376\377\000C\000o\000n\000c\000l\000u\000s\000i\000o\000n}{chapter.1}% 22
\BOOKMARK [0][-]{chapter.2}{\376\377\000\311\000T\000A\000T\000\040\000D\000E\000\040\000L\000'\000A\000R\000T\000\040\000:\000\040\000A\000P\000P\000R\000O\000C\000H\000E\000S\000\040\000I\000N\000T\000E\000L\000L\000I\000G\000E\000N\000T\000E\000S\000\040\000E\000N\000\040\000A\000G\000R\000I\000C\000U\000L\000T\000U\000R\000E}{}% 23
\BOOKMARK [1][-]{section*.11}{\376\377\000I\000n\000t\000r\000o\000d\000u\000c\000t\000i\000o\000n}{chapter.2}% 24
\BOOKMARK [1][-]{section.2.1}{\376\377\000R\000\351\000s\000e\000a\000u\000x\000\040\000d\000e\000\040\000n\000e\000u\000r\000o\000n\000e\000s\000\040\000c\000o\000n\000v\000o\000l\000u\000t\000i\000f\000s\000\040\000\050\000C\000N\000N\000\051}{chapter.2}% 25
\BOOKMARK [2][-]{subsection.2.1.1}{\376\377\000P\000r\000i\000n\000c\000i\000p\000e\000\040\000g\000\351\000n\000\351\000r\000a\000l}{section.2.1}% 26
\BOOKMARK [2][-]{subsection.2.1.2}{\376\377\000\311\000v\000o\000l\000u\000t\000i\000o\000n\000\040\000d\000e\000s\000\040\000a\000r\000c\000h\000i\000t\000e\000c\000t\000u\000r\000e\000s\000\040\000C\000N\000N}{section.2.1}% 27
\BOOKMARK [2][-]{subsection.2.1.3}{\376\377\000L\000i\000m\000i\000t\000e\000s\000\040\000d\000e\000s\000\040\000C\000N\000N\000\040\000p\000o\000u\000r\000\040\000l\000e\000\040\000d\000i\000a\000g\000n\000o\000s\000t\000i\000c\000\040\000a\000g\000r\000i\000c\000o\000l\000e}{section.2.1}% 28
\BOOKMARK [1][-]{section.2.2}{\376\377\000T\000r\000a\000n\000s\000f\000o\000r\000m\000e\000r\000s\000\040\000e\000t\000\040\000m\000o\000d\000\350\000l\000e\000s\000\040\000v\000i\000s\000i\000o\000n\000-\000l\000a\000n\000g\000a\000g\000e}{chapter.2}% 29
\BOOKMARK [2][-]{subsection.2.2.1}{\376\377\000L\000e\000\040\000m\000\351\000c\000a\000n\000i\000s\000m\000e\000\040\000d\000'\000a\000t\000t\000e\000n\000t\000i\000o\000n\000\040\000e\000t\000\040\000l\000e\000s\000\040\000T\000r\000a\000n\000s\000f\000o\000r\000m\000e\000r\000s}{section.2.2}% 30
\BOOKMARK [2][-]{subsection.2.2.2}{\376\377\000G\000r\000a\000n\000d\000s\000\040\000m\000o\000d\000\350\000l\000e\000s\000\040\000d\000e\000\040\000l\000a\000n\000g\000a\000g\000e\000\040\000\050\000L\000L\000M\000\051}{section.2.2}% 31
\BOOKMARK [2][-]{subsection.2.2.3}{\376\377\000M\000o\000d\000\350\000l\000e\000s\000\040\000v\000i\000s\000i\000o\000n\000-\000l\000a\000n\000g\000a\000g\000e\000\040\000\050\000V\000L\000M\000\051}{section.2.2}% 32
\BOOKMARK [1][-]{section.2.3}{\376\377\000A\000p\000p\000r\000e\000n\000t\000i\000s\000s\000a\000g\000e\000\040\000a\000d\000a\000p\000t\000a\000t\000i\000f\000\040\000e\000t\000\040\000d\000y\000n\000a\000m\000i\000q\000u\000e}{chapter.2}% 33
\BOOKMARK [2][-]{subsection.2.3.1}{\376\377\000A\000p\000p\000r\000e\000n\000t\000i\000s\000s\000a\000g\000e\000\040\000p\000a\000r\000\040\000e\000n\000s\000e\000m\000b\000l\000e\000s}{section.2.3}% 34
\BOOKMARK [2][-]{subsection.2.3.2}{\376\377\000A\000p\000p\000r\000e\000n\000t\000i\000s\000s\000a\000g\000e\000\040\000a\000v\000e\000c\000\040\000p\000e\000u\000\040\000d\040\031\000e\000x\000e\000m\000p\000l\000e\000s\000\040\000\050\000f\000e\000w\000-\000s\000h\000o\000t\000\051}{section.2.3}% 35
\BOOKMARK [2][-]{subsection.2.3.3}{\376\377\000A\000p\000p\000r\000e\000n\000t\000i\000s\000s\000a\000g\000e\000\040\000a\000v\000e\000c\000\040\000z\000\351\000r\000o\000\040\000e\000x\000e\000m\000p\000l\000e\000\040\000\050\000z\000e\000r\000o\000-\000s\000h\000o\000t\000\051}{section.2.3}% 36
\BOOKMARK [2][-]{subsection.2.3.4}{\376\377\000S\000\351\000l\000e\000c\000t\000i\000o\000n\000\040\000d\000y\000n\000a\000m\000i\000q\000u\000e\000\040\000d\040\031\000e\000n\000s\000e\000m\000b\000l\000e\000\040\000\050\000D\000E\000S\000\051}{section.2.3}% 37
\BOOKMARK [2][-]{subsection.2.3.5}{\376\377\000P\000e\000r\000t\000i\000n\000e\000n\000c\000e\000\040\000d\000a\000n\000s\000\040\000l\000e\000\040\000c\000o\000n\000t\000e\000x\000t\000e\000\040\000a\000g\000r\000i\000c\000o\000l\000e}{section.2.3}% 38
\BOOKMARK [1][-]{section.2.4}{\376\377\000S\000y\000n\000t\000h\000\350\000s\000e\000\040\000c\000r\000i\000t\000i\000q\000u\000e\000\040\000e\000t\000\040\000p\000o\000s\000i\000t\000i\000o\000n\000n\000e\000m\000e\000n\000t}{chapter.2}% 39
\BOOKMARK [1][-]{table.caption.19}{\376\377\000C\000o\000n\000c\000l\000u\000s\000i\000o\000n}{chapter.2}% 40
\BOOKMARK [0][-]{chapter.3}{\376\377\000A\000n\000a\000l\000z\000s\000e}{}% 41
\BOOKMARK [0][-]{chapter.4}{\376\377\000A\000R\000C\000H\000I\000T\000E\000C\000T\000U\000R\000E\000\040\000E\000T\000\040\000C\000O\000N\000C\000E\000P\000T\000I\000O\000N}{}% 42
\BOOKMARK [1][-]{section*.20}{\376\377\000I\000n\000t\000r\000o\000d\000u\000c\000t\000i\000o\000n}{chapter.4}% 43
\BOOKMARK [1][-]{section.4.1}{\376\377\000A\000r\000c\000h\000i\000t\000e\000c\000t\000u\000r\000e\000\040\000G\000l\000o\000b\000a\000l\000e}{chapter.4}% 44
\BOOKMARK [2][-]{subsection.4.1.1}{\376\377\000M\000o\000d\000\350\000l\000e\000\040\000d\000e\000\040\000r\000\351\000f\000\351\000r\000e\000n\000c\000e\000\040\000I\000o\000T\000\040\000\340\000\040\0004\000\040\000c\000o\000u\000c\000h\000e\000s}{section.4.1}% 45
\BOOKMARK [2][-]{subsection.4.1.2}{\376\377\000F\000l\000u\000x\000\040\000d\000e\000\040\000d\000o\000n\000n\000\351\000e\000s\000\040\000g\000l\000o\000b\000a\000l\000:\000\040\000b\000o\000u\000t\000\040\000e\000n\000\040\000b\000o\000u\000t}{section.4.1}% 46
\BOOKMARK [1][-]{section.4.2}{\376\377\000A\000r\000c\000h\000i\000t\000e\000c\000t\000u\000r\000e\000\040\000D\000\351\000t\000a\000i\000l\000l\000\351\000e}{chapter.4}% 47
\BOOKMARK [2][-]{subsection.4.2.1}{\376\377\000M\000o\000d\000u\000l\000e\000\040\000I\000o\000T\000\040\000e\000t\000\040\000S\000y\000s\000t\000\350\000m\000e\000\040\000E\000m\000b\000a\000r\000q\000u\000\351}{section.4.2}% 48
\BOOKMARK [1][-]{figure.caption.31}{\376\377\000C\000o\000n\000c\000l\000u\000s\000i\000o\000n}{chapter.4}% 49
\BOOKMARK [0][-]{chapter.5}{\376\377\000\311\000T\000A\000T\000\040\000D\000E\000\040\000L\000'\000A\000R\000T\000\040\000:\000\040\000A\000P\000P\000R\000O\000C\000H\000E\000S\000\040\000I\000N\000T\000E\000L\000L\000I\000G\000E\000N\000T\000E\000S\000\040\000E\000N\000\040\000A\000G\000R\000I\000C\000U\000L\000T\000U\000R\000E}{}% 50
\BOOKMARK [1][-]{section*.32}{\376\377\000I\000n\000t\000r\000o\000d\000u\000c\000t\000i\000o\000n}{chapter.5}% 51
\BOOKMARK [1][-]{section.5.1}{\376\377\000R\000\351\000s\000e\000a\000u\000x\000\040\000d\000e\000\040\000n\000e\000u\000r\000o\000n\000e\000s\000\040\000c\000o\000n\000v\000o\000l\000u\000t\000i\000f\000s\000\040\000\050\000C\000N\000N\000\051}{chapter.5}% 52
\BOOKMARK [2][-]{subsection.5.1.1}{\376\377\000P\000r\000i\000n\000c\000i\000p\000e\000\040\000g\000\351\000n\000\351\000r\000a\000l}{section.5.1}% 53
\BOOKMARK [2][-]{subsection.5.1.2}{\376\377\000\311\000v\000o\000l\000u\000t\000i\000o\000n\000\040\000d\000e\000s\000\040\000a\000r\000c\000h\000i\000t\000e\000c\000t\000u\000r\000e\000s\000\040\000C\000N\000N}{section.5.1}% 54
\BOOKMARK [2][-]{subsection.5.1.3}{\376\377\000L\000i\000m\000i\000t\000e\000s\000\040\000d\000e\000s\000\040\000C\000N\000N\000\040\000p\000o\000u\000r\000\040\000l\000e\000\040\000d\000i\000a\000g\000n\000o\000s\000t\000i\000c\000\040\000a\000g\000r\000i\000c\000o\000l\000e}{section.5.1}% 55
\BOOKMARK [1][-]{section.5.2}{\376\377\000T\000r\000a\000n\000s\000f\000o\000r\000m\000e\000r\000s\000\040\000e\000t\000\040\000m\000o\000d\000\350\000l\000e\000s\000\040\000v\000i\000s\000i\000o\000n\000-\000l\000a\000n\000g\000a\000g\000e}{chapter.5}% 56
\BOOKMARK [2][-]{subsection.5.2.1}{\376\377\000L\000e\000\040\000m\000\351\000c\000a\000n\000i\000s\000m\000e\000\040\000d\000'\000a\000t\000t\000e\000n\000t\000i\000o\000n\000\040\000e\000t\000\040\000l\000e\000s\000\040\000T\000r\000a\000n\000s\000f\000o\000r\000m\000e\000r\000s}{section.5.2}% 57
\BOOKMARK [2][-]{subsection.5.2.2}{\376\377\000G\000r\000a\000n\000d\000s\000\040\000m\000o\000d\000\350\000l\000e\000s\000\040\000d\000e\000\040\000l\000a\000n\000g\000a\000g\000e\000\040\000\050\000L\000L\000M\000\051}{section.5.2}% 58
\BOOKMARK [2][-]{subsection.5.2.3}{\376\377\000M\000o\000d\000\350\000l\000e\000s\000\040\000v\000i\000s\000i\000o\000n\000-\000l\000a\000n\000g\000a\000g\000e\000\040\000\050\000V\000L\000M\000\051}{section.5.2}% 59
\BOOKMARK [1][-]{section.5.3}{\376\377\000A\000p\000p\000r\000e\000n\000t\000i\000s\000s\000a\000g\000e\000\040\000a\000d\000a\000p\000t\000a\000t\000i\000f\000\040\000e\000t\000\040\000d\000y\000n\000a\000m\000i\000q\000u\000e}{chapter.5}% 60
\BOOKMARK [2][-]{subsection.5.3.1}{\376\377\000A\000p\000p\000r\000e\000n\000t\000i\000s\000s\000a\000g\000e\000\040\000p\000a\000r\000\040\000e\000n\000s\000e\000m\000b\000l\000e\000s}{section.5.3}% 61
\BOOKMARK [2][-]{subsection.5.3.2}{\376\377\000A\000p\000p\000r\000e\000n\000t\000i\000s\000s\000a\000g\000e\000\040\000a\000v\000e\000c\000\040\000p\000e\000u\000\040\000d\040\031\000e\000x\000e\000m\000p\000l\000e\000s\000\040\000\050\000f\000e\000w\000-\000s\000h\000o\000t\000\051}{section.5.3}% 62
\BOOKMARK [2][-]{subsection.5.3.3}{\376\377\000A\000p\000p\000r\000e\000n\000t\000i\000s\000s\000a\000g\000e\000\040\000a\000v\000e\000c\000\040\000z\000\351\000r\000o\000\040\000e\000x\000e\000m\000p\000l\000e\000\040\000\050\000z\000e\000r\000o\000-\000s\000h\000o\000t\000\051}{section.5.3}% 63
\BOOKMARK [2][-]{subsection.5.3.4}{\376\377\000S\000\351\000l\000e\000c\000t\000i\000o\000n\000\040\000d\000y\000n\000a\000m\000i\000q\000u\000e\000\040\000d\040\031\000e\000n\000s\000e\000m\000b\000l\000e\000\040\000\050\000D\000E\000S\000\051}{section.5.3}% 64
\BOOKMARK [2][-]{subsection.5.3.5}{\376\377\000P\000e\000r\000t\000i\000n\000e\000n\000c\000e\000\040\000d\000a\000n\000s\000\040\000l\000e\000\040\000c\000o\000n\000t\000e\000x\000t\000e\000\040\000a\000g\000r\000i\000c\000o\000l\000e}{section.5.3}% 65
\BOOKMARK [1][-]{section.5.4}{\376\377\000S\000y\000n\000t\000h\000\350\000s\000e\000\040\000c\000r\000i\000t\000i\000q\000u\000e\000\040\000e\000t\000\040\000p\000o\000s\000i\000t\000i\000o\000n\000n\000e\000m\000e\000n\000t}{chapter.5}% 66
\BOOKMARK [1][-]{table.caption.40}{\376\377\000C\000o\000n\000c\000l\000u\000s\000i\000o\000n}{chapter.5}% 67
\BOOKMARK [0][-]{chapter.6}{\376\377\000\311\000T\000A\000T\000\040\000D\000E\000\040\000L\000'\000A\000R\000T\000\040\000:\000\040\000A\000P\000P\000R\000O\000C\000H\000E\000S\000\040\000I\000N\000T\000E\000L\000L\000I\000G\000E\000N\000T\000E\000S\000\040\000E\000N\000\040\000A\000G\000R\000I\000C\000U\000L\000T\000U\000R\000E}{}% 68
\BOOKMARK [1][-]{section*.41}{\376\377\000I\000n\000t\000r\000o\000d\000u\000c\000t\000i\000o\000n}{chapter.6}% 69
\BOOKMARK [1][-]{section.6.1}{\376\377\000R\000\351\000s\000e\000a\000u\000x\000\040\000d\000e\000\040\000n\000e\000u\000r\000o\000n\000e\000s\000\040\000c\000o\000n\000v\000o\000l\000u\000t\000i\000f\000s\000\040\000\050\000C\000N\000N\000\051}{chapter.6}% 70
\BOOKMARK [2][-]{subsection.6.1.1}{\376\377\000P\000r\000i\000n\000c\000i\000p\000e\000\040\000g\000\351\000n\000\351\000r\000a\000l}{section.6.1}% 71
\BOOKMARK [2][-]{subsection.6.1.2}{\376\377\000\311\000v\000o\000l\000u\000t\000i\000o\000n\000\040\000d\000e\000s\000\040\000a\000r\000c\000h\000i\000t\000e\000c\000t\000u\000r\000e\000s\000\040\000C\000N\000N}{section.6.1}% 72
\BOOKMARK [2][-]{subsection.6.1.3}{\376\377\000L\000i\000m\000i\000t\000e\000s\000\040\000d\000e\000s\000\040\000C\000N\000N\000\040\000p\000o\000u\000r\000\040\000l\000e\000\040\000d\000i\000a\000g\000n\000o\000s\000t\000i\000c\000\040\000a\000g\000r\000i\000c\000o\000l\000e}{section.6.1}% 73
\BOOKMARK [1][-]{section.6.2}{\376\377\000T\000r\000a\000n\000s\000f\000o\000r\000m\000e\000r\000s\000\040\000e\000t\000\040\000m\000o\000d\000\350\000l\000e\000s\000\040\000v\000i\000s\000i\000o\000n\000-\000l\000a\000n\000g\000a\000g\000e}{chapter.6}% 74
\BOOKMARK [2][-]{subsection.6.2.1}{\376\377\000L\000e\000\040\000m\000\351\000c\000a\000n\000i\000s\000m\000e\000\040\000d\000'\000a\000t\000t\000e\000n\000t\000i\000o\000n\000\040\000e\000t\000\040\000l\000e\000s\000\040\000T\000r\000a\000n\000s\000f\000o\000r\000m\000e\000r\000s}{section.6.2}% 75
\BOOKMARK [2][-]{subsection.6.2.2}{\376\377\000G\000r\000a\000n\000d\000s\000\040\000m\000o\000d\000\350\000l\000e\000s\000\040\000d\000e\000\040\000l\000a\000n\000g\000a\000g\000e\000\040\000\050\000L\000L\000M\000\051}{section.6.2}% 76
\BOOKMARK [2][-]{subsection.6.2.3}{\376\377\000M\000o\000d\000\350\000l\000e\000s\000\040\000v\000i\000s\000i\000o\000n\000-\000l\000a\000n\000g\000a\000g\000e\000\040\000\050\000V\000L\000M\000\051}{section.6.2}% 77
\BOOKMARK [1][-]{section.6.3}{\376\377\000A\000p\000p\000r\000e\000n\000t\000i\000s\000s\000a\000g\000e\000\040\000a\000d\000a\000p\000t\000a\000t\000i\000f\000\040\000e\000t\000\040\000d\000y\000n\000a\000m\000i\000q\000u\000e}{chapter.6}% 78
\BOOKMARK [2][-]{subsection.6.3.1}{\376\377\000A\000p\000p\000r\000e\000n\000t\000i\000s\000s\000a\000g\000e\000\040\000p\000a\000r\000\040\000e\000n\000s\000e\000m\000b\000l\000e\000s}{section.6.3}% 79
\BOOKMARK [2][-]{subsection.6.3.2}{\376\377\000A\000p\000p\000r\000e\000n\000t\000i\000s\000s\000a\000g\000e\000\040\000a\000v\000e\000c\000\040\000p\000e\000u\000\040\000d\040\031\000e\000x\000e\000m\000p\000l\000e\000s\000\040\000\050\000f\000e\000w\000-\000s\000h\000o\000t\000\051}{section.6.3}% 80
\BOOKMARK [2][-]{subsection.6.3.3}{\376\377\000A\000p\000p\000r\000e\000n\000t\000i\000s\000s\000a\000g\000e\000\040\000a\000v\000e\000c\000\040\000z\000\351\000r\000o\000\040\000e\000x\000e\000m\000p\000l\000e\000\040\000\050\000z\000e\000r\000o\000-\000s\000h\000o\000t\000\051}{section.6.3}% 81
\BOOKMARK [2][-]{subsection.6.3.4}{\376\377\000S\000\351\000l\000e\000c\000t\000i\000o\000n\000\040\000d\000y\000n\000a\000m\000i\000q\000u\000e\000\040\000d\040\031\000e\000n\000s\000e\000m\000b\000l\000e\000\040\000\050\000D\000E\000S\000\051}{section.6.3}% 82
\BOOKMARK [2][-]{subsection.6.3.5}{\376\377\000P\000e\000r\000t\000i\000n\000e\000n\000c\000e\000\040\000d\000a\000n\000s\000\040\000l\000e\000\040\000c\000o\000n\000t\000e\000x\000t\000e\000\040\000a\000g\000r\000i\000c\000o\000l\000e}{section.6.3}% 83
\BOOKMARK [1][-]{section.6.4}{\376\377\000S\000y\000n\000t\000h\000\350\000s\000e\000\040\000c\000r\000i\000t\000i\000q\000u\000e\000\040\000e\000t\000\040\000p\000o\000s\000i\000t\000i\000o\000n\000n\000e\000m\000e\000n\000t}{chapter.6}% 84
\BOOKMARK [1][-]{table.caption.49}{\376\377\000C\000o\000n\000c\000l\000u\000s\000i\000o\000n}{chapter.6}% 85
\BOOKMARK [0][-]{table.caption.49}{\376\377\000B\000i\000b\000l\000i\000o\000g\000r\000a\000p\000h\000i\000e}{}% 86
